DEB [20171121-13:42:23.898] thr=1   paramiko.transport: starting thread (client mode): 0xb9676d0L
DEB [20171121-13:42:23.898] thr=1   paramiko.transport: Local version/idstring: SSH-2.0-paramiko_2.4.0
DEB [20171121-13:42:23.909] thr=1   paramiko.transport: Remote version/idstring: SSH-2.0-OpenSSH_7.2p2 Ubuntu-4ubuntu2.2
INF [20171121-13:42:23.909] thr=1   paramiko.transport: Connected (version 2.0, client OpenSSH_7.2p2)
DEB [20171121-13:42:23.910] thr=1   paramiko.transport: kex algos:[u'curve25519-sha256@libssh.org', u'ecdh-sha2-nistp256', u'ecdh-sha2-nistp384', u'ecdh-sha2-nistp521', u'diffie-hellman-group-exchange-sha256', u'diffie-hellman-group14-sha1'] server key:[u'ssh-rsa', u'rsa-sha2-512', u'rsa-sha2-256', u'ecdsa-sha2-nistp256', u'ssh-ed25519'] client encrypt:[u'chacha20-poly1305@openssh.com', u'aes128-ctr', u'aes192-ctr', u'aes256-ctr', u'aes128-gcm@openssh.com', u'aes256-gcm@openssh.com'] server encrypt:[u'chacha20-poly1305@openssh.com', u'aes128-ctr', u'aes192-ctr', u'aes256-ctr', u'aes128-gcm@openssh.com', u'aes256-gcm@openssh.com'] client mac:[u'umac-64-etm@openssh.com', u'umac-128-etm@openssh.com', u'hmac-sha2-256-etm@openssh.com', u'hmac-sha2-512-etm@openssh.com', u'hmac-sha1-etm@openssh.com', u'umac-64@openssh.com', u'umac-128@openssh.com', u'hmac-sha2-256', u'hmac-sha2-512', u'hmac-sha1'] server mac:[u'umac-64-etm@openssh.com', u'umac-128-etm@openssh.com', u'hmac-sha2-256-etm@openssh.com', u'hmac-sha2-512-etm@openssh.com', u'hmac-sha1-etm@openssh.com', u'umac-64@openssh.com', u'umac-128@openssh.com', u'hmac-sha2-256', u'hmac-sha2-512', u'hmac-sha1'] client compress:[u'none', u'zlib@openssh.com'] server compress:[u'none', u'zlib@openssh.com'] client lang:[u''] server lang:[u''] kex follows?False
DEB [20171121-13:42:23.910] thr=1   paramiko.transport: Kex agreed: ecdh-sha2-nistp256
DEB [20171121-13:42:23.910] thr=1   paramiko.transport: HostKey agreed: ssh-ed25519
DEB [20171121-13:42:23.910] thr=1   paramiko.transport: Cipher agreed: aes128-ctr
DEB [20171121-13:42:23.910] thr=1   paramiko.transport: MAC agreed: hmac-sha2-256
DEB [20171121-13:42:23.910] thr=1   paramiko.transport: Compression agreed: none
DEB [20171121-13:42:23.940] thr=1   paramiko.transport: kex engine KexNistp256 specified hash_algo <built-in function openssl_sha256>
DEB [20171121-13:42:23.941] thr=1   paramiko.transport: Switch to new keys ...
DEB [20171121-13:42:23.964] thr=2   paramiko.transport: Adding ssh-ed25519 host key for 172.30.36.153: 48ba4b9d469a6ae860bf1e68388cd98d
DEB [20171121-13:42:23.977] thr=1   paramiko.transport: userauth is OK
INF [20171121-13:42:23.994] thr=1   paramiko.transport: Authentication (password) successful!
DEB [20171121-13:42:23.998] thr=2   paramiko.transport: [chan 0] Max packet in: 32768 bytes
DEB [20171121-13:42:24.061] thr=1   paramiko.transport: Received global request "hostkeys-00@openssh.com"
DEB [20171121-13:42:24.061] thr=1   paramiko.transport: Rejecting "hostkeys-00@openssh.com" global request from server.
DEB [20171121-13:42:24.102] thr=1   paramiko.transport: [chan 0] Max packet out: 32768 bytes
DEB [20171121-13:42:24.102] thr=1   paramiko.transport: Secsh channel 0 opened.
DEB [20171121-13:42:24.106] thr=1   paramiko.transport: [chan 0] Sesch channel 0 request ok
INF [20171121-13:42:24.107] thr=2   paramiko.transport.sftp: [chan 0] Opened sftp connection (server version 3)
DEB [20171121-13:42:24.108] thr=2   paramiko.transport.sftp: [chan 0] listdir('/home/anji/sample')
INF [20171121-13:42:24.111] thr=2   paramiko.transport.sftp: [chan 0] sftp session closed.
DEB [20171121-13:42:24.111] thr=2   paramiko.transport: [chan 0] EOF sent (0)
DEB [20171121-13:42:24.112] thr=1   paramiko.transport: EOF in transport thread
DEB [20171121-14:02:40.172] thr=1   paramiko.transport: starting thread (client mode): 0x6ca6d650L
DEB [20171121-14:02:40.173] thr=1   paramiko.transport: Local version/idstring: SSH-2.0-paramiko_2.4.0
DEB [20171121-14:02:40.180] thr=1   paramiko.transport: Remote version/idstring: SSH-2.0-OpenSSH_7.2p2 Ubuntu-4ubuntu2.2
INF [20171121-14:02:40.180] thr=1   paramiko.transport: Connected (version 2.0, client OpenSSH_7.2p2)
DEB [20171121-14:02:40.182] thr=1   paramiko.transport: kex algos:[u'curve25519-sha256@libssh.org', u'ecdh-sha2-nistp256', u'ecdh-sha2-nistp384', u'ecdh-sha2-nistp521', u'diffie-hellman-group-exchange-sha256', u'diffie-hellman-group14-sha1'] server key:[u'ssh-rsa', u'rsa-sha2-512', u'rsa-sha2-256', u'ecdsa-sha2-nistp256', u'ssh-ed25519'] client encrypt:[u'chacha20-poly1305@openssh.com', u'aes128-ctr', u'aes192-ctr', u'aes256-ctr', u'aes128-gcm@openssh.com', u'aes256-gcm@openssh.com'] server encrypt:[u'chacha20-poly1305@openssh.com', u'aes128-ctr', u'aes192-ctr', u'aes256-ctr', u'aes128-gcm@openssh.com', u'aes256-gcm@openssh.com'] client mac:[u'umac-64-etm@openssh.com', u'umac-128-etm@openssh.com', u'hmac-sha2-256-etm@openssh.com', u'hmac-sha2-512-etm@openssh.com', u'hmac-sha1-etm@openssh.com', u'umac-64@openssh.com', u'umac-128@openssh.com', u'hmac-sha2-256', u'hmac-sha2-512', u'hmac-sha1'] server mac:[u'umac-64-etm@openssh.com', u'umac-128-etm@openssh.com', u'hmac-sha2-256-etm@openssh.com', u'hmac-sha2-512-etm@openssh.com', u'hmac-sha1-etm@openssh.com', u'umac-64@openssh.com', u'umac-128@openssh.com', u'hmac-sha2-256', u'hmac-sha2-512', u'hmac-sha1'] client compress:[u'none', u'zlib@openssh.com'] server compress:[u'none', u'zlib@openssh.com'] client lang:[u''] server lang:[u''] kex follows?False
DEB [20171121-14:02:40.182] thr=1   paramiko.transport: Kex agreed: ecdh-sha2-nistp256
DEB [20171121-14:02:40.182] thr=1   paramiko.transport: HostKey agreed: ssh-ed25519
DEB [20171121-14:02:40.183] thr=1   paramiko.transport: Cipher agreed: aes128-ctr
DEB [20171121-14:02:40.183] thr=1   paramiko.transport: MAC agreed: hmac-sha2-256
DEB [20171121-14:02:40.183] thr=1   paramiko.transport: Compression agreed: none
DEB [20171121-14:02:40.224] thr=1   paramiko.transport: kex engine KexNistp256 specified hash_algo <built-in function openssl_sha256>
DEB [20171121-14:02:40.224] thr=1   paramiko.transport: Switch to new keys ...
DEB [20171121-14:02:40.237] thr=2   paramiko.transport: Adding ssh-ed25519 host key for 172.30.36.153: 48ba4b9d469a6ae860bf1e68388cd98d
DEB [20171121-14:02:40.261] thr=1   paramiko.transport: userauth is OK
INF [20171121-14:02:40.268] thr=1   paramiko.transport: Authentication (password) successful!
DEB [20171121-14:02:40.270] thr=2   paramiko.transport: [chan 0] Max packet in: 32768 bytes
DEB [20171121-14:02:40.343] thr=1   paramiko.transport: Received global request "hostkeys-00@openssh.com"
DEB [20171121-14:02:40.343] thr=1   paramiko.transport: Rejecting "hostkeys-00@openssh.com" global request from server.
DEB [20171121-14:02:40.386] thr=1   paramiko.transport: [chan 0] Max packet out: 32768 bytes
DEB [20171121-14:02:40.386] thr=1   paramiko.transport: Secsh channel 0 opened.
DEB [20171121-14:02:40.402] thr=1   paramiko.transport: [chan 0] Sesch channel 0 request ok
INF [20171121-14:02:40.404] thr=2   paramiko.transport.sftp: [chan 0] Opened sftp connection (server version 3)
DEB [20171121-14:02:40.404] thr=2   paramiko.transport.sftp: [chan 0] listdir('/home/anji/sample')
INF [20171121-14:02:43.563] thr=2   paramiko.transport.sftp: [chan 0] sftp session closed.
DEB [20171121-14:02:43.564] thr=2   paramiko.transport: [chan 0] EOF sent (0)
DEB [20171121-14:02:43.564] thr=1   paramiko.transport: EOF in transport thread
DEB [20171121-15:36:39.655] thr=1   paramiko.transport: starting thread (client mode): 0x2ad15650L
DEB [20171121-15:36:39.655] thr=1   paramiko.transport: Local version/idstring: SSH-2.0-paramiko_2.4.0
DEB [20171121-15:36:39.658] thr=1   paramiko.transport: Remote version/idstring: SSH-2.0-OpenSSH_7.2p2 Ubuntu-4ubuntu2.2
INF [20171121-15:36:39.658] thr=1   paramiko.transport: Connected (version 2.0, client OpenSSH_7.2p2)
DEB [20171121-15:36:39.660] thr=1   paramiko.transport: kex algos:[u'curve25519-sha256@libssh.org', u'ecdh-sha2-nistp256', u'ecdh-sha2-nistp384', u'ecdh-sha2-nistp521', u'diffie-hellman-group-exchange-sha256', u'diffie-hellman-group14-sha1'] server key:[u'ssh-rsa', u'rsa-sha2-512', u'rsa-sha2-256', u'ecdsa-sha2-nistp256', u'ssh-ed25519'] client encrypt:[u'chacha20-poly1305@openssh.com', u'aes128-ctr', u'aes192-ctr', u'aes256-ctr', u'aes128-gcm@openssh.com', u'aes256-gcm@openssh.com'] server encrypt:[u'chacha20-poly1305@openssh.com', u'aes128-ctr', u'aes192-ctr', u'aes256-ctr', u'aes128-gcm@openssh.com', u'aes256-gcm@openssh.com'] client mac:[u'umac-64-etm@openssh.com', u'umac-128-etm@openssh.com', u'hmac-sha2-256-etm@openssh.com', u'hmac-sha2-512-etm@openssh.com', u'hmac-sha1-etm@openssh.com', u'umac-64@openssh.com', u'umac-128@openssh.com', u'hmac-sha2-256', u'hmac-sha2-512', u'hmac-sha1'] server mac:[u'umac-64-etm@openssh.com', u'umac-128-etm@openssh.com', u'hmac-sha2-256-etm@openssh.com', u'hmac-sha2-512-etm@openssh.com', u'hmac-sha1-etm@openssh.com', u'umac-64@openssh.com', u'umac-128@openssh.com', u'hmac-sha2-256', u'hmac-sha2-512', u'hmac-sha1'] client compress:[u'none', u'zlib@openssh.com'] server compress:[u'none', u'zlib@openssh.com'] client lang:[u''] server lang:[u''] kex follows?False
DEB [20171121-15:36:39.660] thr=1   paramiko.transport: Kex agreed: ecdh-sha2-nistp256
DEB [20171121-15:36:39.660] thr=1   paramiko.transport: HostKey agreed: ssh-ed25519
DEB [20171121-15:36:39.660] thr=1   paramiko.transport: Cipher agreed: aes128-ctr
DEB [20171121-15:36:39.660] thr=1   paramiko.transport: MAC agreed: hmac-sha2-256
DEB [20171121-15:36:39.660] thr=1   paramiko.transport: Compression agreed: none
DEB [20171121-15:36:39.701] thr=1   paramiko.transport: kex engine KexNistp256 specified hash_algo <built-in function openssl_sha256>
DEB [20171121-15:36:39.702] thr=1   paramiko.transport: Switch to new keys ...
DEB [20171121-15:36:39.719] thr=2   paramiko.transport: Adding ssh-ed25519 host key for 172.30.36.153: 48ba4b9d469a6ae860bf1e68388cd98d
DEB [20171121-15:36:39.738] thr=1   paramiko.transport: userauth is OK
INF [20171121-15:36:39.746] thr=1   paramiko.transport: Authentication (password) successful!
DEB [20171121-15:36:39.751] thr=2   paramiko.transport: [chan 0] Max packet in: 32768 bytes
DEB [20171121-15:36:39.817] thr=1   paramiko.transport: Received global request "hostkeys-00@openssh.com"
DEB [20171121-15:36:39.818] thr=1   paramiko.transport: Rejecting "hostkeys-00@openssh.com" global request from server.
DEB [20171121-15:36:39.862] thr=1   paramiko.transport: [chan 0] Max packet out: 32768 bytes
DEB [20171121-15:36:39.862] thr=1   paramiko.transport: Secsh channel 0 opened.
DEB [20171121-15:36:39.868] thr=1   paramiko.transport: [chan 0] Sesch channel 0 request ok
INF [20171121-15:36:39.869] thr=2   paramiko.transport.sftp: [chan 0] Opened sftp connection (server version 3)
DEB [20171121-15:36:39.869] thr=2   paramiko.transport.sftp: [chan 0] listdir('/home/anji/sample')
INF [20171121-15:36:42.988] thr=2   paramiko.transport.sftp: [chan 0] sftp session closed.
DEB [20171121-15:36:42.989] thr=2   paramiko.transport: [chan 0] EOF sent (0)
DEB [20171121-15:36:42.990] thr=1   paramiko.transport: EOF in transport thread
DEB [20171121-15:38:28.409] thr=1   paramiko.transport: starting thread (client mode): 0xba1b650L
DEB [20171121-15:38:28.409] thr=1   paramiko.transport: Local version/idstring: SSH-2.0-paramiko_2.4.0
DEB [20171121-15:38:28.412] thr=1   paramiko.transport: Remote version/idstring: SSH-2.0-OpenSSH_7.2p2 Ubuntu-4ubuntu2.2
INF [20171121-15:38:28.412] thr=1   paramiko.transport: Connected (version 2.0, client OpenSSH_7.2p2)
DEB [20171121-15:38:28.414] thr=1   paramiko.transport: kex algos:[u'curve25519-sha256@libssh.org', u'ecdh-sha2-nistp256', u'ecdh-sha2-nistp384', u'ecdh-sha2-nistp521', u'diffie-hellman-group-exchange-sha256', u'diffie-hellman-group14-sha1'] server key:[u'ssh-rsa', u'rsa-sha2-512', u'rsa-sha2-256', u'ecdsa-sha2-nistp256', u'ssh-ed25519'] client encrypt:[u'chacha20-poly1305@openssh.com', u'aes128-ctr', u'aes192-ctr', u'aes256-ctr', u'aes128-gcm@openssh.com', u'aes256-gcm@openssh.com'] server encrypt:[u'chacha20-poly1305@openssh.com', u'aes128-ctr', u'aes192-ctr', u'aes256-ctr', u'aes128-gcm@openssh.com', u'aes256-gcm@openssh.com'] client mac:[u'umac-64-etm@openssh.com', u'umac-128-etm@openssh.com', u'hmac-sha2-256-etm@openssh.com', u'hmac-sha2-512-etm@openssh.com', u'hmac-sha1-etm@openssh.com', u'umac-64@openssh.com', u'umac-128@openssh.com', u'hmac-sha2-256', u'hmac-sha2-512', u'hmac-sha1'] server mac:[u'umac-64-etm@openssh.com', u'umac-128-etm@openssh.com', u'hmac-sha2-256-etm@openssh.com', u'hmac-sha2-512-etm@openssh.com', u'hmac-sha1-etm@openssh.com', u'umac-64@openssh.com', u'umac-128@openssh.com', u'hmac-sha2-256', u'hmac-sha2-512', u'hmac-sha1'] client compress:[u'none', u'zlib@openssh.com'] server compress:[u'none', u'zlib@openssh.com'] client lang:[u''] server lang:[u''] kex follows?False
DEB [20171121-15:38:28.415] thr=1   paramiko.transport: Kex agreed: ecdh-sha2-nistp256
DEB [20171121-15:38:28.415] thr=1   paramiko.transport: HostKey agreed: ssh-ed25519
DEB [20171121-15:38:28.415] thr=1   paramiko.transport: Cipher agreed: aes128-ctr
DEB [20171121-15:38:28.415] thr=1   paramiko.transport: MAC agreed: hmac-sha2-256
DEB [20171121-15:38:28.415] thr=1   paramiko.transport: Compression agreed: none
DEB [20171121-15:38:28.457] thr=1   paramiko.transport: kex engine KexNistp256 specified hash_algo <built-in function openssl_sha256>
DEB [20171121-15:38:28.457] thr=1   paramiko.transport: Switch to new keys ...
DEB [20171121-15:38:28.473] thr=2   paramiko.transport: Adding ssh-ed25519 host key for 172.30.36.153: 48ba4b9d469a6ae860bf1e68388cd98d
DEB [20171121-15:38:28.494] thr=1   paramiko.transport: userauth is OK
INF [20171121-15:38:28.501] thr=1   paramiko.transport: Authentication (password) successful!
DEB [20171121-15:38:28.505] thr=2   paramiko.transport: [chan 0] Max packet in: 32768 bytes
DEB [20171121-15:38:28.562] thr=1   paramiko.transport: Received global request "hostkeys-00@openssh.com"
DEB [20171121-15:38:28.562] thr=1   paramiko.transport: Rejecting "hostkeys-00@openssh.com" global request from server.
DEB [20171121-15:38:28.606] thr=1   paramiko.transport: [chan 0] Max packet out: 32768 bytes
DEB [20171121-15:38:28.606] thr=1   paramiko.transport: Secsh channel 0 opened.
DEB [20171121-15:38:28.607] thr=1   paramiko.transport: [chan 0] Sesch channel 0 request ok
INF [20171121-15:38:28.609] thr=2   paramiko.transport.sftp: [chan 0] Opened sftp connection (server version 3)
DEB [20171121-15:38:28.609] thr=2   paramiko.transport.sftp: [chan 0] listdir('/home/anji/sample')
INF [20171121-15:38:31.208] thr=2   paramiko.transport.sftp: [chan 0] sftp session closed.
DEB [20171121-15:38:31.208] thr=2   paramiko.transport: [chan 0] EOF sent (0)
DEB [20171121-15:38:31.210] thr=1   paramiko.transport: EOF in transport thread
DEB [20171121-15:39:52.790] thr=1   paramiko.transport: starting thread (client mode): 0x711e6650L
DEB [20171121-15:39:52.790] thr=1   paramiko.transport: Local version/idstring: SSH-2.0-paramiko_2.4.0
DEB [20171121-15:39:52.801] thr=1   paramiko.transport: Remote version/idstring: SSH-2.0-OpenSSH_7.2p2 Ubuntu-4ubuntu2.2
INF [20171121-15:39:52.801] thr=1   paramiko.transport: Connected (version 2.0, client OpenSSH_7.2p2)
DEB [20171121-15:39:52.803] thr=1   paramiko.transport: kex algos:[u'curve25519-sha256@libssh.org', u'ecdh-sha2-nistp256', u'ecdh-sha2-nistp384', u'ecdh-sha2-nistp521', u'diffie-hellman-group-exchange-sha256', u'diffie-hellman-group14-sha1'] server key:[u'ssh-rsa', u'rsa-sha2-512', u'rsa-sha2-256', u'ecdsa-sha2-nistp256', u'ssh-ed25519'] client encrypt:[u'chacha20-poly1305@openssh.com', u'aes128-ctr', u'aes192-ctr', u'aes256-ctr', u'aes128-gcm@openssh.com', u'aes256-gcm@openssh.com'] server encrypt:[u'chacha20-poly1305@openssh.com', u'aes128-ctr', u'aes192-ctr', u'aes256-ctr', u'aes128-gcm@openssh.com', u'aes256-gcm@openssh.com'] client mac:[u'umac-64-etm@openssh.com', u'umac-128-etm@openssh.com', u'hmac-sha2-256-etm@openssh.com', u'hmac-sha2-512-etm@openssh.com', u'hmac-sha1-etm@openssh.com', u'umac-64@openssh.com', u'umac-128@openssh.com', u'hmac-sha2-256', u'hmac-sha2-512', u'hmac-sha1'] server mac:[u'umac-64-etm@openssh.com', u'umac-128-etm@openssh.com', u'hmac-sha2-256-etm@openssh.com', u'hmac-sha2-512-etm@openssh.com', u'hmac-sha1-etm@openssh.com', u'umac-64@openssh.com', u'umac-128@openssh.com', u'hmac-sha2-256', u'hmac-sha2-512', u'hmac-sha1'] client compress:[u'none', u'zlib@openssh.com'] server compress:[u'none', u'zlib@openssh.com'] client lang:[u''] server lang:[u''] kex follows?False
DEB [20171121-15:39:52.803] thr=1   paramiko.transport: Kex agreed: ecdh-sha2-nistp256
DEB [20171121-15:39:52.803] thr=1   paramiko.transport: HostKey agreed: ssh-ed25519
DEB [20171121-15:39:52.803] thr=1   paramiko.transport: Cipher agreed: aes128-ctr
DEB [20171121-15:39:52.803] thr=1   paramiko.transport: MAC agreed: hmac-sha2-256
DEB [20171121-15:39:52.803] thr=1   paramiko.transport: Compression agreed: none
DEB [20171121-15:39:52.845] thr=1   paramiko.transport: kex engine KexNistp256 specified hash_algo <built-in function openssl_sha256>
DEB [20171121-15:39:52.846] thr=1   paramiko.transport: Switch to new keys ...
DEB [20171121-15:39:52.854] thr=2   paramiko.transport: Adding ssh-ed25519 host key for 172.30.36.153: 48ba4b9d469a6ae860bf1e68388cd98d
DEB [20171121-15:39:52.884] thr=1   paramiko.transport: userauth is OK
INF [20171121-15:39:52.900] thr=1   paramiko.transport: Authentication (password) successful!
DEB [20171121-15:39:52.918] thr=2   paramiko.transport: [chan 0] Max packet in: 32768 bytes
DEB [20171121-15:39:52.961] thr=1   paramiko.transport: Received global request "hostkeys-00@openssh.com"
DEB [20171121-15:39:52.961] thr=1   paramiko.transport: Rejecting "hostkeys-00@openssh.com" global request from server.
DEB [20171121-15:39:53.002] thr=1   paramiko.transport: [chan 0] Max packet out: 32768 bytes
DEB [20171121-15:39:53.002] thr=1   paramiko.transport: Secsh channel 0 opened.
DEB [20171121-15:39:53.019] thr=1   paramiko.transport: [chan 0] Sesch channel 0 request ok
INF [20171121-15:39:53.021] thr=2   paramiko.transport.sftp: [chan 0] Opened sftp connection (server version 3)
DEB [20171121-15:39:53.021] thr=2   paramiko.transport.sftp: [chan 0] listdir('/home/anji/sample')
INF [20171121-15:39:55.538] thr=2   paramiko.transport.sftp: [chan 0] sftp session closed.
DEB [20171121-15:39:55.539] thr=2   paramiko.transport: [chan 0] EOF sent (0)
DEB [20171121-15:39:55.540] thr=1   paramiko.transport: EOF in transport thread
DEB [20171121-15:42:09.133] thr=1   paramiko.transport: starting thread (client mode): 0x6c790650L
DEB [20171121-15:42:09.133] thr=1   paramiko.transport: Local version/idstring: SSH-2.0-paramiko_2.4.0
DEB [20171121-15:42:09.144] thr=1   paramiko.transport: Remote version/idstring: SSH-2.0-OpenSSH_7.2p2 Ubuntu-4ubuntu2.2
INF [20171121-15:42:09.145] thr=1   paramiko.transport: Connected (version 2.0, client OpenSSH_7.2p2)
DEB [20171121-15:42:09.146] thr=1   paramiko.transport: kex algos:[u'curve25519-sha256@libssh.org', u'ecdh-sha2-nistp256', u'ecdh-sha2-nistp384', u'ecdh-sha2-nistp521', u'diffie-hellman-group-exchange-sha256', u'diffie-hellman-group14-sha1'] server key:[u'ssh-rsa', u'rsa-sha2-512', u'rsa-sha2-256', u'ecdsa-sha2-nistp256', u'ssh-ed25519'] client encrypt:[u'chacha20-poly1305@openssh.com', u'aes128-ctr', u'aes192-ctr', u'aes256-ctr', u'aes128-gcm@openssh.com', u'aes256-gcm@openssh.com'] server encrypt:[u'chacha20-poly1305@openssh.com', u'aes128-ctr', u'aes192-ctr', u'aes256-ctr', u'aes128-gcm@openssh.com', u'aes256-gcm@openssh.com'] client mac:[u'umac-64-etm@openssh.com', u'umac-128-etm@openssh.com', u'hmac-sha2-256-etm@openssh.com', u'hmac-sha2-512-etm@openssh.com', u'hmac-sha1-etm@openssh.com', u'umac-64@openssh.com', u'umac-128@openssh.com', u'hmac-sha2-256', u'hmac-sha2-512', u'hmac-sha1'] server mac:[u'umac-64-etm@openssh.com', u'umac-128-etm@openssh.com', u'hmac-sha2-256-etm@openssh.com', u'hmac-sha2-512-etm@openssh.com', u'hmac-sha1-etm@openssh.com', u'umac-64@openssh.com', u'umac-128@openssh.com', u'hmac-sha2-256', u'hmac-sha2-512', u'hmac-sha1'] client compress:[u'none', u'zlib@openssh.com'] server compress:[u'none', u'zlib@openssh.com'] client lang:[u''] server lang:[u''] kex follows?False
DEB [20171121-15:42:09.147] thr=1   paramiko.transport: Kex agreed: ecdh-sha2-nistp256
DEB [20171121-15:42:09.147] thr=1   paramiko.transport: HostKey agreed: ssh-ed25519
DEB [20171121-15:42:09.147] thr=1   paramiko.transport: Cipher agreed: aes128-ctr
DEB [20171121-15:42:09.147] thr=1   paramiko.transport: MAC agreed: hmac-sha2-256
DEB [20171121-15:42:09.147] thr=1   paramiko.transport: Compression agreed: none
DEB [20171121-15:42:09.190] thr=1   paramiko.transport: kex engine KexNistp256 specified hash_algo <built-in function openssl_sha256>
DEB [20171121-15:42:09.191] thr=1   paramiko.transport: Switch to new keys ...
DEB [20171121-15:42:09.198] thr=2   paramiko.transport: Adding ssh-ed25519 host key for 172.30.36.153: 48ba4b9d469a6ae860bf1e68388cd98d
DEB [20171121-15:42:09.230] thr=1   paramiko.transport: userauth is OK
INF [20171121-15:42:09.246] thr=1   paramiko.transport: Authentication (password) successful!
DEB [20171121-15:42:09.262] thr=2   paramiko.transport: [chan 0] Max packet in: 32768 bytes
DEB [20171121-15:42:09.305] thr=1   paramiko.transport: Received global request "hostkeys-00@openssh.com"
DEB [20171121-15:42:09.305] thr=1   paramiko.transport: Rejecting "hostkeys-00@openssh.com" global request from server.
DEB [20171121-15:42:09.346] thr=1   paramiko.transport: [chan 0] Max packet out: 32768 bytes
DEB [20171121-15:42:09.346] thr=1   paramiko.transport: Secsh channel 0 opened.
DEB [20171121-15:42:09.363] thr=1   paramiko.transport: [chan 0] Sesch channel 0 request ok
INF [20171121-15:42:09.365] thr=2   paramiko.transport.sftp: [chan 0] Opened sftp connection (server version 3)
DEB [20171121-15:42:09.365] thr=2   paramiko.transport.sftp: [chan 0] listdir('/home/anji/sample')
INF [20171121-15:42:09.368] thr=2   paramiko.transport.sftp: [chan 0] sftp session closed.
DEB [20171121-15:42:09.368] thr=2   paramiko.transport: [chan 0] EOF sent (0)
DEB [20171121-15:42:09.369] thr=1   paramiko.transport: EOF in transport thread
